2018-11-23 15:24:45.306 1052 [restartedMain] INFO  isa.qa.project.Application - Starting Application on May with PID 14508 (D:\Java\sourcecode\springboot-2-mybatis-seed\target\classes started by May in D:\Java\sourcecode\springboot-2-mybatis-seed)
2018-11-23 15:24:45.308 1054 [restartedMain] DEBUG isa.qa.project.Application - Running with Spring Boot v2.1.0.RELEASE, Spring v5.1.2.RELEASE
2018-11-23 15:24:45.309 1055 [restartedMain] INFO  isa.qa.project.Application - The following profiles are active: pro
2018-11-23 15:24:45.374 1120 [restartedMain] INFO  o.s.b.d.e.DevToolsPropertyDefaultsPostProcessor - Devtools property defaults active! Set 'spring.devtools.add-properties' to 'false' to disable
2018-11-23 15:24:45.375 1121 [restartedMain] INFO  o.s.b.d.e.DevToolsPropertyDefaultsPostProcessor - For additional web related logging consider setting the 'logging.level.web' property to 'DEBUG'
2018-11-23 15:24:46.400 2146 [restartedMain] INFO  o.s.d.r.c.RepositoryConfigurationDelegate - Multiple Spring Data modules found, entering strict repository configuration mode!
2018-11-23 15:24:46.402 2148 [restartedMain] INFO  o.s.d.r.c.RepositoryConfigurationDelegate - Bootstrapping Spring Data repositories in DEFAULT mode.
2018-11-23 15:24:46.436 2182 [restartedMain] INFO  o.s.d.r.c.RepositoryConfigurationDelegate - Finished Spring Data repository scanning in 24ms. Found 0 repository interfaces.
2018-11-23 15:24:46.811 2557 [restartedMain] INFO  o.s.c.s.PostProcessorRegistrationDelegate$BeanPostProcessorChecker - Bean 'threadPoolConfig' of type [isa.qa.project.config.ThreadPoolConfig$$EnhancerBySpringCGLIB$$ff48842f] is not eligible for getting processed by all BeanPostProcessors (for example: not eligible for auto-proxying)
2018-11-23 15:24:46.883 2629 [restartedMain] INFO  o.s.c.s.PostProcessorRegistrationDelegate$BeanPostProcessorChecker - Bean 'org.springframework.transaction.annotation.ProxyTransactionManagementConfiguration' of type [org.springframework.transaction.annotation.ProxyTransactionManagementConfiguration$$EnhancerBySpringCGLIB$$1f2fcb32] is not eligible for getting processed by all BeanPostProcessors (for example: not eligible for auto-proxying)
2018-11-23 15:24:46.971 2717 [restartedMain] INFO  o.s.c.s.PostProcessorRegistrationDelegate$BeanPostProcessorChecker - Bean 'org.springframework.security.config.annotation.configuration.ObjectPostProcessorConfiguration' of type [org.springframework.security.config.annotation.configuration.ObjectPostProcessorConfiguration$$EnhancerBySpringCGLIB$$b7dd936c] is not eligible for getting processed by all BeanPostProcessors (for example: not eligible for auto-proxying)
2018-11-23 15:24:46.977 2723 [restartedMain] INFO  o.s.c.s.PostProcessorRegistrationDelegate$BeanPostProcessorChecker - Bean 'objectPostProcessor' of type [org.springframework.security.config.annotation.configuration.AutowireBeanFactoryObjectPostProcessor] is not eligible for getting processed by all BeanPostProcessors (for example: not eligible for auto-proxying)
2018-11-23 15:24:46.981 2727 [restartedMain] INFO  o.s.c.s.PostProcessorRegistrationDelegate$BeanPostProcessorChecker - Bean 'org.springframework.security.access.expression.method.DefaultMethodSecurityExpressionHandler@1d151c72' of type [org.springframework.security.access.expression.method.DefaultMethodSecurityExpressionHandler] is not eligible for getting processed by all BeanPostProcessors (for example: not eligible for auto-proxying)
2018-11-23 15:24:46.984 2730 [restartedMain] INFO  o.s.c.s.PostProcessorRegistrationDelegate$BeanPostProcessorChecker - Bean 'org.springframework.security.config.annotation.method.configuration.GlobalMethodSecurityConfiguration' of type [org.springframework.security.config.annotation.method.configuration.GlobalMethodSecurityConfiguration$$EnhancerBySpringCGLIB$$dcb2361e] is not eligible for getting processed by all BeanPostProcessors (for example: not eligible for auto-proxying)
2018-11-23 15:24:46.992 2738 [restartedMain] INFO  o.s.c.s.PostProcessorRegistrationDelegate$BeanPostProcessorChecker - Bean 'methodSecurityMetadataSource' of type [org.springframework.security.access.method.DelegatingMethodSecurityMetadataSource] is not eligible for getting processed by all BeanPostProcessors (for example: not eligible for auto-proxying)
2018-11-23 15:24:47.306 3052 [restartedMain] INFO  org.xnio - XNIO version 3.3.8.Final
2018-11-23 15:24:47.316 3062 [restartedMain] INFO  org.xnio.nio - XNIO NIO Implementation Version 3.3.8.Final
2018-11-23 15:24:47.343 3089 [restartedMain] WARN  io.undertow.websockets.jsr - UT026009: XNIO worker was not set on WebSocketDeploymentInfo, the default worker will be used
2018-11-23 15:24:47.343 3089 [restartedMain] WARN  io.undertow.websockets.jsr - UT026010: Buffer pool was not set on WebSocketDeploymentInfo, the default pool will be used
2018-11-23 15:24:47.363 3109 [restartedMain] INFO  io.undertow.servlet - Initializing Spring embedded WebApplicationContext
2018-11-23 15:24:47.363 3109 [restartedMain] INFO  o.s.web.context.ContextLoader - Root WebApplicationContext: initialization completed in 1988 ms
2018-11-23 15:24:47.634 3380 [restartedMain] INFO  o.s.b.w.s.FilterRegistrationBean - Mapping filter: 'characterEncodingFilter' to: [/*]
2018-11-23 15:24:47.635 3381 [restartedMain] INFO  o.s.b.w.s.FilterRegistrationBean - Mapping filter: 'sessionRepositoryFilter' to: [/*]
2018-11-23 15:24:47.636 3382 [restartedMain] INFO  o.s.b.w.s.DelegatingFilterProxyRegistrationBean - Mapping filter: 'springSecurityFilterChain' to: [/*]
2018-11-23 15:24:47.637 3383 [restartedMain] INFO  o.s.b.w.s.ServletRegistrationBean - Servlet dispatcherServlet mapped to [/]
2018-11-23 15:24:48.698 4444 [restartedMain] INFO  com.zaxxer.hikari.HikariDataSource - Hikaricp-pool - Starting...
2018-11-23 15:24:48.825 4571 [restartedMain] INFO  com.zaxxer.hikari.HikariDataSource - Hikaricp-pool - Start completed.
2018-11-23 15:24:48.892 4638 [restartedMain] INFO  org.quartz.impl.StdSchedulerFactory - Using default implementation for ThreadExecutor
2018-11-23 15:24:48.894 4640 [restartedMain] INFO  org.quartz.simpl.SimpleThreadPool - Job execution threads will use class loader of thread: restartedMain
2018-11-23 15:24:48.902 4648 [restartedMain] INFO  o.quartz.core.SchedulerSignalerImpl - Initialized Scheduler Signaller of type: class org.quartz.core.SchedulerSignalerImpl
2018-11-23 15:24:48.902 4648 [restartedMain] INFO  org.quartz.core.QuartzScheduler - Quartz Scheduler v.2.3.0 created.
2018-11-23 15:24:48.905 4651 [restartedMain] INFO  o.s.s.q.LocalDataSourceJobStore - Using db table-based data access locking (synchronization).
2018-11-23 15:24:48.907 4653 [restartedMain] INFO  o.s.s.q.LocalDataSourceJobStore - JobStoreCMT initialized.
2018-11-23 15:24:48.908 4654 [restartedMain] INFO  org.quartz.core.QuartzScheduler - Scheduler meta-data: Quartz Scheduler (v2.3.0) 'clusteredScheduler' with instanceId 'May1542957888894'
  Scheduler class: 'org.quartz.core.QuartzScheduler' - running locally.
  NOT STARTED.
  Currently in standby mode.
  Number of jobs executed: 0
  Using thread pool 'org.quartz.simpl.SimpleThreadPool' - with 10 threads.
  Using job-store 'org.springframework.scheduling.quartz.LocalDataSourceJobStore' - which supports persistence. and is clustered.

2018-11-23 15:24:48.908 4654 [restartedMain] INFO  org.quartz.impl.StdSchedulerFactory - Quartz scheduler 'clusteredScheduler' initialized from an externally provided properties instance.
2018-11-23 15:24:48.908 4654 [restartedMain] INFO  org.quartz.impl.StdSchedulerFactory - Quartz scheduler version: 2.3.0
2018-11-23 15:24:48.908 4654 [restartedMain] INFO  org.quartz.core.QuartzScheduler - JobFactory set to: org.springframework.scheduling.quartz.SpringBeanJobFactory@32d63c61
2018-11-23 15:24:49.371 5117 [restartedMain] INFO  s.d.s.w.PropertySourcedRequestMappingHandlerMapping - Mapped URL path [/v2/api-docs] onto method [public org.springframework.http.ResponseEntity<springfox.documentation.spring.web.json.Json> springfox.documentation.swagger2.web.Swagger2Controller.getDocumentation(java.lang.String,javax.servlet.http.HttpServletRequest)]
2018-11-23 15:24:49.538 5284 [restartedMain] INFO  o.s.b.d.a.OptionalLiveReloadServer - LiveReload server is running on port 35729
2018-11-23 15:24:49.711 5457 [restartedMain] INFO  io.lettuce.core.EpollProvider - Starting without optional epoll library
2018-11-23 15:24:49.712 5458 [restartedMain] INFO  io.lettuce.core.KqueueProvider - Starting without optional kqueue library
2018-11-23 15:24:50.267 6013 [restartedMain] INFO  o.s.s.w.DefaultSecurityFilterChain - Creating filter chain: any request, [org.springframework.security.web.context.request.async.WebAsyncManagerIntegrationFilter@2bd2ce21, org.springframework.security.web.context.SecurityContextPersistenceFilter@2e4314ad, org.springframework.security.web.header.HeaderWriterFilter@1b4de2c6, org.springframework.web.filter.CorsFilter@62f0d8d8, org.springframework.security.web.authentication.logout.LogoutFilter@18142214, org.springframework.security.web.authentication.UsernamePasswordAuthenticationFilter@257cf4bb, org.springframework.security.web.savedrequest.RequestCacheAwareFilter@51367e2a, org.springframework.security.web.servletapi.SecurityContextHolderAwareRequestFilter@2f26de8b, org.springframework.security.web.authentication.AnonymousAuthenticationFilter@26b83768, org.springframework.security.web.session.SessionManagementFilter@2b9b0bdc, org.springframework.security.web.access.ExceptionTranslationFilter@61725005, org.springframework.security.web.access.intercept.FilterSecurityInterceptor@60b0d209]
2018-11-23 15:24:50.623 6369 [restartedMain] INFO  s.d.s.w.p.DocumentationPluginsBootstrapper - Context refreshed
2018-11-23 15:24:50.639 6385 [restartedMain] INFO  s.d.s.w.p.DocumentationPluginsBootstrapper - Found 1 custom documentation plugin(s)
2018-11-23 15:24:50.698 6444 [restartedMain] INFO  s.d.s.w.s.ApiListingReferenceScanner - Scanning for api listing references
2018-11-23 15:24:51.420 7166 [restartedMain] INFO  o.s.s.quartz.SchedulerFactoryBean - Will start Quartz Scheduler [clusteredScheduler] in 2 seconds
2018-11-23 15:24:51.432 7178 [restartedMain] INFO  o.s.s.a.ScheduledAnnotationBeanPostProcessor - No TaskScheduler/ScheduledExecutorService bean found for scheduled processing
2018-11-23 15:24:51.501 7247 [restartedMain] INFO  o.s.b.w.e.u.UndertowServletWebServer - Undertow started on port(s) 8080 (http) with context path ''
2018-11-23 15:24:51.505 7251 [restartedMain] INFO  isa.qa.project.Application - Started Application in 6.973 seconds (JVM running for 8.548)
2018-11-23 15:24:51.508 7254 [restartedMain] INFO  i.q.p.runner.TimerSetDemoRunner - Set the startAt timer and the cron timer
2018-11-23 15:24:53.421 9167 [Quartz Scheduler [clusteredScheduler]] INFO  o.s.s.quartz.SchedulerFactoryBean - Starting Quartz Scheduler now, after delay of 2 seconds
2018-11-23 15:24:53.439 9185 [Quartz Scheduler [clusteredScheduler]] INFO  o.s.s.q.LocalDataSourceJobStore - ClusterManager: detected 1 failed or restarted instances.
2018-11-23 15:24:53.439 9185 [Quartz Scheduler [clusteredScheduler]] INFO  o.s.s.q.LocalDataSourceJobStore - ClusterManager: Scanning for instance "May1542934452125"'s failed in-progress jobs.
2018-11-23 15:24:53.444 9190 [Quartz Scheduler [clusteredScheduler]] INFO  org.quartz.core.QuartzScheduler - Scheduler clusteredScheduler_$_May1542957888894 started.
2018-11-23 15:24:53.547 9293 [clusteredScheduler_Worker-1] INFO  isa.qa.project.timers.CronDemoTimer - The task = 98a44015-c5c1-47af-bff6-ba2d706fda1b, Execute At Fri Nov 23 15:24:53 CST 2018
2018-11-23 15:24:54.011 9757 [clusteredScheduler_Worker-2] INFO  isa.qa.project.timers.CronDemoTimer - The task = 98a44015-c5c1-47af-bff6-ba2d706fda1b, Execute At Fri Nov 23 15:24:54 CST 2018
2018-11-23 15:24:56.009 11755 [clusteredScheduler_Worker-3] INFO  isa.qa.project.timers.CronDemoTimer - The task = 98a44015-c5c1-47af-bff6-ba2d706fda1b, Execute At Fri Nov 23 15:24:56 CST 2018
2018-11-23 15:24:58.013 13759 [clusteredScheduler_Worker-4] INFO  isa.qa.project.timers.CronDemoTimer - The task = 98a44015-c5c1-47af-bff6-ba2d706fda1b, Execute At Fri Nov 23 15:24:58 CST 2018
2018-11-23 15:25:00.012 15758 [clusteredScheduler_Worker-5] INFO  isa.qa.project.timers.CronDemoTimer - The task = 98a44015-c5c1-47af-bff6-ba2d706fda1b, Execute At Fri Nov 23 15:25:00 CST 2018
2018-11-23 15:25:02.010 17756 [clusteredScheduler_Worker-6] INFO  isa.qa.project.timers.CronDemoTimer - The task = 98a44015-c5c1-47af-bff6-ba2d706fda1b, Execute At Fri Nov 23 15:25:02 CST 2018
2018-11-23 15:25:04.010 19756 [clusteredScheduler_Worker-7] INFO  isa.qa.project.timers.CronDemoTimer - The task = 98a44015-c5c1-47af-bff6-ba2d706fda1b, Execute At Fri Nov 23 15:25:04 CST 2018
2018-11-23 15:25:06.009 21755 [clusteredScheduler_Worker-8] INFO  isa.qa.project.timers.CronDemoTimer - The task = 98a44015-c5c1-47af-bff6-ba2d706fda1b, Execute At Fri Nov 23 15:25:06 CST 2018
2018-11-23 15:25:08.010 23756 [clusteredScheduler_Worker-9] INFO  isa.qa.project.timers.CronDemoTimer - The task = 98a44015-c5c1-47af-bff6-ba2d706fda1b, Execute At Fri Nov 23 15:25:08 CST 2018
2018-11-23 15:25:10.008 25754 [clusteredScheduler_Worker-10] INFO  isa.qa.project.timers.CronDemoTimer - The task = 98a44015-c5c1-47af-bff6-ba2d706fda1b, Execute At Fri Nov 23 15:25:10 CST 2018
2018-11-23 15:25:12.009 27755 [clusteredScheduler_Worker-1] INFO  isa.qa.project.timers.CronDemoTimer - The task = 98a44015-c5c1-47af-bff6-ba2d706fda1b, Execute At Fri Nov 23 15:25:12 CST 2018
2018-11-23 15:25:14.008 29754 [clusteredScheduler_Worker-2] INFO  isa.qa.project.timers.CronDemoTimer - The task = 98a44015-c5c1-47af-bff6-ba2d706fda1b, Execute At Fri Nov 23 15:25:14 CST 2018
2018-11-23 15:25:16.015 31761 [clusteredScheduler_Worker-3] INFO  isa.qa.project.timers.CronDemoTimer - The task = 98a44015-c5c1-47af-bff6-ba2d706fda1b, Execute At Fri Nov 23 15:25:16 CST 2018
2018-11-23 15:25:18.009 33755 [clusteredScheduler_Worker-4] INFO  isa.qa.project.timers.CronDemoTimer - The task = 98a44015-c5c1-47af-bff6-ba2d706fda1b, Execute At Fri Nov 23 15:25:18 CST 2018
2018-11-23 15:25:20.009 35755 [clusteredScheduler_Worker-5] INFO  isa.qa.project.timers.CronDemoTimer - The task = 98a44015-c5c1-47af-bff6-ba2d706fda1b, Execute At Fri Nov 23 15:25:20 CST 2018
2018-11-23 15:25:22.009 37755 [clusteredScheduler_Worker-6] INFO  isa.qa.project.timers.CronDemoTimer - The task = 98a44015-c5c1-47af-bff6-ba2d706fda1b, Execute At Fri Nov 23 15:25:22 CST 2018
2018-11-23 15:25:24.008 39754 [clusteredScheduler_Worker-7] INFO  isa.qa.project.timers.CronDemoTimer - The task = 98a44015-c5c1-47af-bff6-ba2d706fda1b, Execute At Fri Nov 23 15:25:24 CST 2018
2018-11-23 15:25:26.008 41754 [clusteredScheduler_Worker-8] INFO  isa.qa.project.timers.CronDemoTimer - The task = 98a44015-c5c1-47af-bff6-ba2d706fda1b, Execute At Fri Nov 23 15:25:26 CST 2018
2018-11-23 15:25:28.013 43759 [clusteredScheduler_Worker-9] INFO  isa.qa.project.timers.CronDemoTimer - The task = 98a44015-c5c1-47af-bff6-ba2d706fda1b, Execute At Fri Nov 23 15:25:28 CST 2018
2018-11-23 15:25:30.009 45755 [clusteredScheduler_Worker-10] INFO  isa.qa.project.timers.CronDemoTimer - The task = 98a44015-c5c1-47af-bff6-ba2d706fda1b, Execute At Fri Nov 23 15:25:30 CST 2018
2018-11-23 15:25:32.008 47754 [clusteredScheduler_Worker-1] INFO  isa.qa.project.timers.CronDemoTimer - The task = 98a44015-c5c1-47af-bff6-ba2d706fda1b, Execute At Fri Nov 23 15:25:32 CST 2018
2018-11-23 15:25:34.006 49752 [clusteredScheduler_Worker-2] INFO  isa.qa.project.timers.CronDemoTimer - The task = 98a44015-c5c1-47af-bff6-ba2d706fda1b, Execute At Fri Nov 23 15:25:34 CST 2018
2018-11-23 15:25:36.009 51755 [clusteredScheduler_Worker-3] INFO  isa.qa.project.timers.CronDemoTimer - The task = 98a44015-c5c1-47af-bff6-ba2d706fda1b, Execute At Fri Nov 23 15:25:36 CST 2018
2018-11-23 15:25:38.010 53756 [clusteredScheduler_Worker-4] INFO  isa.qa.project.timers.CronDemoTimer - The task = 98a44015-c5c1-47af-bff6-ba2d706fda1b, Execute At Fri Nov 23 15:25:38 CST 2018
2018-11-23 15:25:40.008 55754 [clusteredScheduler_Worker-5] INFO  isa.qa.project.timers.CronDemoTimer - The task = 98a44015-c5c1-47af-bff6-ba2d706fda1b, Execute At Fri Nov 23 15:25:40 CST 2018
2018-11-23 15:25:42.008 57754 [clusteredScheduler_Worker-6] INFO  isa.qa.project.timers.CronDemoTimer - The task = 98a44015-c5c1-47af-bff6-ba2d706fda1b, Execute At Fri Nov 23 15:25:42 CST 2018
2018-11-23 15:25:44.006 59752 [clusteredScheduler_Worker-7] INFO  isa.qa.project.timers.CronDemoTimer - The task = 98a44015-c5c1-47af-bff6-ba2d706fda1b, Execute At Fri Nov 23 15:25:44 CST 2018
2018-11-23 15:25:46.008 61754 [clusteredScheduler_Worker-8] INFO  isa.qa.project.timers.CronDemoTimer - The task = 98a44015-c5c1-47af-bff6-ba2d706fda1b, Execute At Fri Nov 23 15:25:46 CST 2018
2018-11-23 15:25:48.010 63756 [clusteredScheduler_Worker-9] INFO  isa.qa.project.timers.CronDemoTimer - The task = 98a44015-c5c1-47af-bff6-ba2d706fda1b, Execute At Fri Nov 23 15:25:48 CST 2018
2018-11-23 15:25:50.008 65754 [clusteredScheduler_Worker-10] INFO  isa.qa.project.timers.CronDemoTimer - The task = 98a44015-c5c1-47af-bff6-ba2d706fda1b, Execute At Fri Nov 23 15:25:50 CST 2018
2018-11-23 15:25:52.008 67754 [clusteredScheduler_Worker-1] INFO  isa.qa.project.timers.CronDemoTimer - The task = 98a44015-c5c1-47af-bff6-ba2d706fda1b, Execute At Fri Nov 23 15:25:52 CST 2018
2018-11-23 15:25:54.011 69757 [clusteredScheduler_Worker-2] INFO  isa.qa.project.timers.CronDemoTimer - The task = 98a44015-c5c1-47af-bff6-ba2d706fda1b, Execute At Fri Nov 23 15:25:54 CST 2018
2018-11-23 15:25:56.007 71753 [clusteredScheduler_Worker-3] INFO  isa.qa.project.timers.CronDemoTimer - The task = 98a44015-c5c1-47af-bff6-ba2d706fda1b, Execute At Fri Nov 23 15:25:56 CST 2018
2018-11-23 15:25:58.010 73756 [clusteredScheduler_Worker-4] INFO  isa.qa.project.timers.CronDemoTimer - The task = 98a44015-c5c1-47af-bff6-ba2d706fda1b, Execute At Fri Nov 23 15:25:58 CST 2018
2018-11-23 15:26:00.007 75753 [clusteredScheduler_Worker-5] INFO  isa.qa.project.timers.CronDemoTimer - The task = 98a44015-c5c1-47af-bff6-ba2d706fda1b, Execute At Fri Nov 23 15:26:00 CST 2018
2018-11-23 15:27:50.820 874  [restartedMain] INFO  isa.qa.project.Application - Starting Application on May with PID 17240 (D:\Java\sourcecode\springboot-2-mybatis-seed\target\classes started by May in D:\Java\sourcecode\springboot-2-mybatis-seed)
2018-11-23 15:27:50.823 877  [restartedMain] DEBUG isa.qa.project.Application - Running with Spring Boot v2.1.0.RELEASE, Spring v5.1.2.RELEASE
2018-11-23 15:27:50.824 878  [restartedMain] INFO  isa.qa.project.Application - The following profiles are active: pro
2018-11-23 15:27:50.900 954  [restartedMain] INFO  o.s.b.d.e.DevToolsPropertyDefaultsPostProcessor - Devtools property defaults active! Set 'spring.devtools.add-properties' to 'false' to disable
2018-11-23 15:27:50.900 954  [restartedMain] INFO  o.s.b.d.e.DevToolsPropertyDefaultsPostProcessor - For additional web related logging consider setting the 'logging.level.web' property to 'DEBUG'
2018-11-23 15:27:51.942 1996 [restartedMain] INFO  o.s.d.r.c.RepositoryConfigurationDelegate - Multiple Spring Data modules found, entering strict repository configuration mode!
2018-11-23 15:27:51.945 1999 [restartedMain] INFO  o.s.d.r.c.RepositoryConfigurationDelegate - Bootstrapping Spring Data repositories in DEFAULT mode.
2018-11-23 15:27:51.989 2043 [restartedMain] INFO  o.s.d.r.c.RepositoryConfigurationDelegate - Finished Spring Data repository scanning in 26ms. Found 0 repository interfaces.
2018-11-23 15:27:52.344 2398 [restartedMain] INFO  o.s.c.s.PostProcessorRegistrationDelegate$BeanPostProcessorChecker - Bean 'threadPoolConfig' of type [isa.qa.project.config.ThreadPoolConfig$$EnhancerBySpringCGLIB$$ccb1d455] is not eligible for getting processed by all BeanPostProcessors (for example: not eligible for auto-proxying)
2018-11-23 15:27:52.418 2472 [restartedMain] INFO  o.s.c.s.PostProcessorRegistrationDelegate$BeanPostProcessorChecker - Bean 'org.springframework.transaction.annotation.ProxyTransactionManagementConfiguration' of type [org.springframework.transaction.annotation.ProxyTransactionManagementConfiguration$$EnhancerBySpringCGLIB$$ec991b58] is not eligible for getting processed by all BeanPostProcessors (for example: not eligible for auto-proxying)
2018-11-23 15:27:52.509 2563 [restartedMain] INFO  o.s.c.s.PostProcessorRegistrationDelegate$BeanPostProcessorChecker - Bean 'org.springframework.security.config.annotation.configuration.ObjectPostProcessorConfiguration' of type [org.springframework.security.config.annotation.configuration.ObjectPostProcessorConfiguration$$EnhancerBySpringCGLIB$$8546e392] is not eligible for getting processed by all BeanPostProcessors (for example: not eligible for auto-proxying)
2018-11-23 15:27:52.515 2569 [restartedMain] INFO  o.s.c.s.PostProcessorRegistrationDelegate$BeanPostProcessorChecker - Bean 'objectPostProcessor' of type [org.springframework.security.config.annotation.configuration.AutowireBeanFactoryObjectPostProcessor] is not eligible for getting processed by all BeanPostProcessors (for example: not eligible for auto-proxying)
2018-11-23 15:27:52.519 2573 [restartedMain] INFO  o.s.c.s.PostProcessorRegistrationDelegate$BeanPostProcessorChecker - Bean 'org.springframework.security.access.expression.method.DefaultMethodSecurityExpressionHandler@16039bb' of type [org.springframework.security.access.expression.method.DefaultMethodSecurityExpressionHandler] is not eligible for getting processed by all BeanPostProcessors (for example: not eligible for auto-proxying)
2018-11-23 15:27:52.522 2576 [restartedMain] INFO  o.s.c.s.PostProcessorRegistrationDelegate$BeanPostProcessorChecker - Bean 'org.springframework.security.config.annotation.method.configuration.GlobalMethodSecurityConfiguration' of type [org.springframework.security.config.annotation.method.configuration.GlobalMethodSecurityConfiguration$$EnhancerBySpringCGLIB$$aa1b8644] is not eligible for getting processed by all BeanPostProcessors (for example: not eligible for auto-proxying)
2018-11-23 15:27:52.530 2584 [restartedMain] INFO  o.s.c.s.PostProcessorRegistrationDelegate$BeanPostProcessorChecker - Bean 'methodSecurityMetadataSource' of type [org.springframework.security.access.method.DelegatingMethodSecurityMetadataSource] is not eligible for getting processed by all BeanPostProcessors (for example: not eligible for auto-proxying)
2018-11-23 15:27:52.928 2982 [restartedMain] INFO  org.xnio - XNIO version 3.3.8.Final
2018-11-23 15:27:52.940 2994 [restartedMain] INFO  org.xnio.nio - XNIO NIO Implementation Version 3.3.8.Final
2018-11-23 15:27:52.977 3031 [restartedMain] WARN  io.undertow.websockets.jsr - UT026009: XNIO worker was not set on WebSocketDeploymentInfo, the default worker will be used
2018-11-23 15:27:52.977 3031 [restartedMain] WARN  io.undertow.websockets.jsr - UT026010: Buffer pool was not set on WebSocketDeploymentInfo, the default pool will be used
2018-11-23 15:27:53.006 3060 [restartedMain] INFO  io.undertow.servlet - Initializing Spring embedded WebApplicationContext
2018-11-23 15:27:53.006 3060 [restartedMain] INFO  o.s.web.context.ContextLoader - Root WebApplicationContext: initialization completed in 2106 ms
2018-11-23 15:27:53.277 3331 [restartedMain] INFO  o.s.b.w.s.FilterRegistrationBean - Mapping filter: 'characterEncodingFilter' to: [/*]
2018-11-23 15:27:53.278 3332 [restartedMain] INFO  o.s.b.w.s.FilterRegistrationBean - Mapping filter: 'sessionRepositoryFilter' to: [/*]
2018-11-23 15:27:53.279 3333 [restartedMain] INFO  o.s.b.w.s.DelegatingFilterProxyRegistrationBean - Mapping filter: 'springSecurityFilterChain' to: [/*]
2018-11-23 15:27:53.279 3333 [restartedMain] INFO  o.s.b.w.s.ServletRegistrationBean - Servlet dispatcherServlet mapped to [/]
2018-11-23 15:27:54.058 4112 [restartedMain] INFO  com.zaxxer.hikari.HikariDataSource - Hikaricp-pool - Starting...
2018-11-23 15:27:54.168 4222 [restartedMain] INFO  com.zaxxer.hikari.HikariDataSource - Hikaricp-pool - Start completed.
2018-11-23 15:27:54.237 4291 [restartedMain] INFO  org.quartz.impl.StdSchedulerFactory - Using default implementation for ThreadExecutor
2018-11-23 15:27:54.239 4293 [restartedMain] INFO  org.quartz.simpl.SimpleThreadPool - Job execution threads will use class loader of thread: restartedMain
2018-11-23 15:27:54.246 4300 [restartedMain] INFO  o.quartz.core.SchedulerSignalerImpl - Initialized Scheduler Signaller of type: class org.quartz.core.SchedulerSignalerImpl
2018-11-23 15:27:54.247 4301 [restartedMain] INFO  org.quartz.core.QuartzScheduler - Quartz Scheduler v.2.3.0 created.
2018-11-23 15:27:54.250 4304 [restartedMain] INFO  o.s.s.q.LocalDataSourceJobStore - Using db table-based data access locking (synchronization).
2018-11-23 15:27:54.252 4306 [restartedMain] INFO  o.s.s.q.LocalDataSourceJobStore - JobStoreCMT initialized.
2018-11-23 15:27:54.252 4306 [restartedMain] INFO  org.quartz.core.QuartzScheduler - Scheduler meta-data: Quartz Scheduler (v2.3.0) 'clusteredScheduler' with instanceId 'May1542958074238'
  Scheduler class: 'org.quartz.core.QuartzScheduler' - running locally.
  NOT STARTED.
  Currently in standby mode.
  Number of jobs executed: 0
  Using thread pool 'org.quartz.simpl.SimpleThreadPool' - with 10 threads.
  Using job-store 'org.springframework.scheduling.quartz.LocalDataSourceJobStore' - which supports persistence. and is clustered.

2018-11-23 15:27:54.252 4306 [restartedMain] INFO  org.quartz.impl.StdSchedulerFactory - Quartz scheduler 'clusteredScheduler' initialized from an externally provided properties instance.
2018-11-23 15:27:54.253 4307 [restartedMain] INFO  org.quartz.impl.StdSchedulerFactory - Quartz scheduler version: 2.3.0
2018-11-23 15:27:54.253 4307 [restartedMain] INFO  org.quartz.core.QuartzScheduler - JobFactory set to: org.springframework.scheduling.quartz.SpringBeanJobFactory@32940c12
2018-11-23 15:27:54.725 4779 [restartedMain] INFO  s.d.s.w.PropertySourcedRequestMappingHandlerMapping - Mapped URL path [/v2/api-docs] onto method [public org.springframework.http.ResponseEntity<springfox.documentation.spring.web.json.Json> springfox.documentation.swagger2.web.Swagger2Controller.getDocumentation(java.lang.String,javax.servlet.http.HttpServletRequest)]
2018-11-23 15:27:54.894 4948 [restartedMain] INFO  o.s.b.d.a.OptionalLiveReloadServer - LiveReload server is running on port 35729
2018-11-23 15:27:55.080 5134 [restartedMain] INFO  io.lettuce.core.EpollProvider - Starting without optional epoll library
2018-11-23 15:27:55.081 5135 [restartedMain] INFO  io.lettuce.core.KqueueProvider - Starting without optional kqueue library
2018-11-23 15:27:55.668 5722 [restartedMain] INFO  o.s.s.w.DefaultSecurityFilterChain - Creating filter chain: any request, [org.springframework.security.web.context.request.async.WebAsyncManagerIntegrationFilter@42a5eb76, org.springframework.security.web.context.SecurityContextPersistenceFilter@7560c041, org.springframework.security.web.header.HeaderWriterFilter@355331dc, org.springframework.web.filter.CorsFilter@58fdf18b, org.springframework.security.web.authentication.logout.LogoutFilter@49a80d30, org.springframework.security.web.authentication.UsernamePasswordAuthenticationFilter@4e02d33e, org.springframework.security.web.savedrequest.RequestCacheAwareFilter@1443b694, org.springframework.security.web.servletapi.SecurityContextHolderAwareRequestFilter@27c90812, org.springframework.security.web.authentication.AnonymousAuthenticationFilter@500bd4a5, org.springframework.security.web.session.SessionManagementFilter@29f8b999, org.springframework.security.web.access.ExceptionTranslationFilter@9b547d2, org.springframework.security.web.access.intercept.FilterSecurityInterceptor@ab6cd0e]
2018-11-23 15:27:56.045 6099 [restartedMain] INFO  s.d.s.w.p.DocumentationPluginsBootstrapper - Context refreshed
2018-11-23 15:27:56.081 6135 [restartedMain] INFO  s.d.s.w.p.DocumentationPluginsBootstrapper - Found 1 custom documentation plugin(s)
2018-11-23 15:27:56.117 6171 [restartedMain] INFO  s.d.s.w.s.ApiListingReferenceScanner - Scanning for api listing references
2018-11-23 15:27:56.838 6892 [restartedMain] INFO  o.s.s.quartz.SchedulerFactoryBean - Will start Quartz Scheduler [clusteredScheduler] in 2 seconds
2018-11-23 15:27:56.849 6903 [restartedMain] INFO  o.s.s.a.ScheduledAnnotationBeanPostProcessor - No TaskScheduler/ScheduledExecutorService bean found for scheduled processing
2018-11-23 15:27:56.917 6971 [restartedMain] INFO  o.s.b.w.e.u.UndertowServletWebServer - Undertow started on port(s) 8080 (http) with context path ''
2018-11-23 15:27:56.921 6975 [restartedMain] INFO  isa.qa.project.Application - Started Application in 6.732 seconds (JVM running for 7.836)
2018-11-23 15:27:56.924 6978 [restartedMain] INFO  i.q.p.runner.TimerSetDemoRunner - Set the startAt timer and the cron timer
2018-11-23 15:27:58.839 8893 [Quartz Scheduler [clusteredScheduler]] INFO  o.s.s.quartz.SchedulerFactoryBean - Starting Quartz Scheduler now, after delay of 2 seconds
2018-11-23 15:27:58.847 8901 [Quartz Scheduler [clusteredScheduler]] INFO  o.s.s.q.LocalDataSourceJobStore - ClusterManager: detected 1 failed or restarted instances.
2018-11-23 15:27:58.847 8901 [Quartz Scheduler [clusteredScheduler]] INFO  o.s.s.q.LocalDataSourceJobStore - ClusterManager: Scanning for instance "May1542957888894"'s failed in-progress jobs.
2018-11-23 15:27:58.857 8911 [Quartz Scheduler [clusteredScheduler]] INFO  o.s.s.q.LocalDataSourceJobStore - ClusterManager: ......Freed 1 acquired trigger(s).
2018-11-23 15:27:58.860 8914 [Quartz Scheduler [clusteredScheduler]] INFO  org.quartz.core.QuartzScheduler - Scheduler clusteredScheduler_$_May1542958074238 started.
2018-11-23 15:27:58.870 8924 [QuartzScheduler_clusteredScheduler-May1542958074238_MisfireHandler] INFO  o.s.s.q.LocalDataSourceJobStore - Handling 2 trigger(s) that missed their scheduled fire-time.
2018-11-23 15:27:58.921 8975 [clusteredScheduler_Worker-1] INFO  isa.qa.project.timers.CronDemoTimer - The task = 98a44015-c5c1-47af-bff6-ba2d706fda1b, Execute At Fri Nov 23 15:27:58 CST 2018
2018-11-23 15:27:58.938 8992 [clusteredScheduler_Worker-2] INFO  i.q.project.timers.StartAtDemoTimer - Start At类型Timer开始执行，At Fri Nov 23 15:27:58 CST 2018
2018-11-23 15:28:00.014 10068 [clusteredScheduler_Worker-3] INFO  isa.qa.project.timers.CronDemoTimer - The task = 855351ed-4d0f-4cea-bec1-5064cb788ef3, Execute At Fri Nov 23 15:28:00 CST 2018
2018-11-23 15:28:00.028 10082 [clusteredScheduler_Worker-4] INFO  isa.qa.project.timers.CronDemoTimer - The task = 98a44015-c5c1-47af-bff6-ba2d706fda1b, Execute At Fri Nov 23 15:28:00 CST 2018
2018-11-23 15:28:02.025 12079 [clusteredScheduler_Worker-5] INFO  isa.qa.project.timers.CronDemoTimer - The task = 98a44015-c5c1-47af-bff6-ba2d706fda1b, Execute At Fri Nov 23 15:28:02 CST 2018
2018-11-23 15:28:04.010 14064 [clusteredScheduler_Worker-6] INFO  isa.qa.project.timers.CronDemoTimer - The task = 98a44015-c5c1-47af-bff6-ba2d706fda1b, Execute At Fri Nov 23 15:28:04 CST 2018
2018-11-23 15:28:06.009 16063 [clusteredScheduler_Worker-7] INFO  isa.qa.project.timers.CronDemoTimer - The task = 98a44015-c5c1-47af-bff6-ba2d706fda1b, Execute At Fri Nov 23 15:28:06 CST 2018
2018-11-23 15:28:08.010 18064 [clusteredScheduler_Worker-8] INFO  isa.qa.project.timers.CronDemoTimer - The task = 98a44015-c5c1-47af-bff6-ba2d706fda1b, Execute At Fri Nov 23 15:28:08 CST 2018
2018-11-23 15:28:10.009 20063 [clusteredScheduler_Worker-9] INFO  isa.qa.project.timers.CronDemoTimer - The task = 98a44015-c5c1-47af-bff6-ba2d706fda1b, Execute At Fri Nov 23 15:28:10 CST 2018
2018-11-23 15:28:12.008 22062 [clusteredScheduler_Worker-10] INFO  isa.qa.project.timers.CronDemoTimer - The task = 98a44015-c5c1-47af-bff6-ba2d706fda1b, Execute At Fri Nov 23 15:28:12 CST 2018
2018-11-23 15:28:14.007 24061 [clusteredScheduler_Worker-1] INFO  isa.qa.project.timers.CronDemoTimer - The task = 98a44015-c5c1-47af-bff6-ba2d706fda1b, Execute At Fri Nov 23 15:28:14 CST 2018
2018-11-23 15:28:16.009 26063 [clusteredScheduler_Worker-2] INFO  isa.qa.project.timers.CronDemoTimer - The task = 98a44015-c5c1-47af-bff6-ba2d706fda1b, Execute At Fri Nov 23 15:28:16 CST 2018
2018-11-23 15:28:18.006 28060 [clusteredScheduler_Worker-3] INFO  isa.qa.project.timers.CronDemoTimer - The task = 98a44015-c5c1-47af-bff6-ba2d706fda1b, Execute At Fri Nov 23 15:28:18 CST 2018
2018-11-23 15:28:20.008 30062 [clusteredScheduler_Worker-4] INFO  isa.qa.project.timers.CronDemoTimer - The task = 98a44015-c5c1-47af-bff6-ba2d706fda1b, Execute At Fri Nov 23 15:28:20 CST 2018
2018-11-23 15:28:22.008 32062 [clusteredScheduler_Worker-5] INFO  isa.qa.project.timers.CronDemoTimer - The task = 98a44015-c5c1-47af-bff6-ba2d706fda1b, Execute At Fri Nov 23 15:28:22 CST 2018
2018-11-23 15:28:24.008 34062 [clusteredScheduler_Worker-6] INFO  isa.qa.project.timers.CronDemoTimer - The task = 98a44015-c5c1-47af-bff6-ba2d706fda1b, Execute At Fri Nov 23 15:28:24 CST 2018
2018-11-23 15:28:26.009 36063 [clusteredScheduler_Worker-7] INFO  isa.qa.project.timers.CronDemoTimer - The task = 98a44015-c5c1-47af-bff6-ba2d706fda1b, Execute At Fri Nov 23 15:28:26 CST 2018
2018-11-23 15:28:28.012 38066 [clusteredScheduler_Worker-8] INFO  isa.qa.project.timers.CronDemoTimer - The task = 98a44015-c5c1-47af-bff6-ba2d706fda1b, Execute At Fri Nov 23 15:28:28 CST 2018
2018-11-23 15:28:30.009 40063 [clusteredScheduler_Worker-9] INFO  isa.qa.project.timers.CronDemoTimer - The task = 855351ed-4d0f-4cea-bec1-5064cb788ef3, Execute At Fri Nov 23 15:28:30 CST 2018
2018-11-23 15:28:30.021 40075 [clusteredScheduler_Worker-10] INFO  isa.qa.project.timers.CronDemoTimer - The task = 98a44015-c5c1-47af-bff6-ba2d706fda1b, Execute At Fri Nov 23 15:28:30 CST 2018
2018-11-23 15:28:32.008 42062 [clusteredScheduler_Worker-1] INFO  isa.qa.project.timers.CronDemoTimer - The task = 98a44015-c5c1-47af-bff6-ba2d706fda1b, Execute At Fri Nov 23 15:28:32 CST 2018
